Linked: (/home/ahao/catkin_ws/devel/.private/clik/include/clik/traj_solver_msgRequest.h, /home/ahao/catkin_ws/devel/include/clik/traj_solver_msgRequest.h)
Linked: (/home/ahao/catkin_ws/devel/.private/clik/include/clik/traj_solver_msgResponse.h, /home/ahao/catkin_ws/devel/include/clik/traj_solver_msgResponse.h)
Linked: (/home/ahao/catkin_ws/devel/.private/clik/include/clik/manipulator_mode.h, /home/ahao/catkin_ws/devel/include/clik/manipulator_mode.h)
Linked: (/home/ahao/catkin_ws/devel/.private/clik/include/clik/traj_out_msg.h, /home/ahao/catkin_ws/devel/include/clik/traj_out_msg.h)
Linked: (/home/ahao/catkin_ws/devel/.private/clik/include/clik/action.h, /home/ahao/catkin_ws/devel/include/clik/action.h)
Linked: (/home/ahao/catkin_ws/devel/.private/clik/include/clik/traj_solver_msg.h, /home/ahao/catkin_ws/devel/include/clik/traj_solver_msg.h)
Linked: (/home/ahao/catkin_ws/devel/.private/clik/include/clik/manipulator_modeRequest.h, /home/ahao/catkin_ws/devel/include/clik/manipulator_modeRequest.h)
Linked: (/home/ahao/catkin_ws/devel/.private/clik/include/clik/traj_out_msgResponse.h, /home/ahao/catkin_ws/devel/include/clik/traj_out_msgResponse.h)
Linked: (/home/ahao/catkin_ws/devel/.private/clik/include/clik/manipulator_modeResponse.h, /home/ahao/catkin_ws/devel/include/clik/manipulator_modeResponse.h)
Linked: (/home/ahao/catkin_ws/devel/.private/clik/include/clik/traj_out_msgRequest.h, /home/ahao/catkin_ws/devel/include/clik/traj_out_msgRequest.h)
Linked: (/home/ahao/catkin_ws/devel/.private/clik/include/clik/position_pub.h, /home/ahao/catkin_ws/devel/include/clik/position_pub.h)
Linked: (/home/ahao/catkin_ws/devel/.private/clik/lib/pkgconfig/clik.pc, /home/ahao/catkin_ws/devel/lib/pkgconfig/clik.pc)
Linked: (/home/ahao/catkin_ws/devel/.private/clik/lib/python2.7/dist-packages/clik/__init__.py, /home/ahao/catkin_ws/devel/lib/python2.7/dist-packages/clik/__init__.py)
Linked: (/home/ahao/catkin_ws/devel/.private/clik/lib/python2.7/dist-packages/clik/srv/_traj_out_msg.py, /home/ahao/catkin_ws/devel/lib/python2.7/dist-packages/clik/srv/_traj_out_msg.py)
Linked: (/home/ahao/catkin_ws/devel/.private/clik/lib/python2.7/dist-packages/clik/srv/_manipulator_mode.py, /home/ahao/catkin_ws/devel/lib/python2.7/dist-packages/clik/srv/_manipulator_mode.py)
Linked: (/home/ahao/catkin_ws/devel/.private/clik/lib/python2.7/dist-packages/clik/srv/_traj_solver_msg.py, /home/ahao/catkin_ws/devel/lib/python2.7/dist-packages/clik/srv/_traj_solver_msg.py)
Linked: (/home/ahao/catkin_ws/devel/.private/clik/lib/python2.7/dist-packages/clik/srv/__init__.py, /home/ahao/catkin_ws/devel/lib/python2.7/dist-packages/clik/srv/__init__.py)
Linked: (/home/ahao/catkin_ws/devel/.private/clik/lib/python2.7/dist-packages/clik/msg/_position_pub.py, /home/ahao/catkin_ws/devel/lib/python2.7/dist-packages/clik/msg/_position_pub.py)
Linked: (/home/ahao/catkin_ws/devel/.private/clik/lib/python2.7/dist-packages/clik/msg/_action.py, /home/ahao/catkin_ws/devel/lib/python2.7/dist-packages/clik/msg/_action.py)
Linked: (/home/ahao/catkin_ws/devel/.private/clik/lib/python2.7/dist-packages/clik/msg/__init__.py, /home/ahao/catkin_ws/devel/lib/python2.7/dist-packages/clik/msg/__init__.py)
Linked: (/home/ahao/catkin_ws/devel/.private/clik/lib/clik/test_node, /home/ahao/catkin_ws/devel/lib/clik/test_node)
Linked: (/home/ahao/catkin_ws/devel/.private/clik/lib/clik/clik, /home/ahao/catkin_ws/devel/lib/clik/clik)
Linked: (/home/ahao/catkin_ws/devel/.private/clik/share/roseus/ros/clik/manifest.l, /home/ahao/catkin_ws/devel/share/roseus/ros/clik/manifest.l)
Linked: (/home/ahao/catkin_ws/devel/.private/clik/share/roseus/ros/clik/srv/traj_solver_msg.l, /home/ahao/catkin_ws/devel/share/roseus/ros/clik/srv/traj_solver_msg.l)
Linked: (/home/ahao/catkin_ws/devel/.private/clik/share/roseus/ros/clik/srv/manipulator_mode.l, /home/ahao/catkin_ws/devel/share/roseus/ros/clik/srv/manipulator_mode.l)
Linked: (/home/ahao/catkin_ws/devel/.private/clik/share/roseus/ros/clik/srv/traj_out_msg.l, /home/ahao/catkin_ws/devel/share/roseus/ros/clik/srv/traj_out_msg.l)
Linked: (/home/ahao/catkin_ws/devel/.private/clik/share/roseus/ros/clik/msg/action.l, /home/ahao/catkin_ws/devel/share/roseus/ros/clik/msg/action.l)
Linked: (/home/ahao/catkin_ws/devel/.private/clik/share/roseus/ros/clik/msg/position_pub.l, /home/ahao/catkin_ws/devel/share/roseus/ros/clik/msg/position_pub.l)
Linked: (/home/ahao/catkin_ws/devel/.private/clik/share/gennodejs/ros/clik/_index.js, /home/ahao/catkin_ws/devel/share/gennodejs/ros/clik/_index.js)
Linked: (/home/ahao/catkin_ws/devel/.private/clik/share/gennodejs/ros/clik/srv/manipulator_mode.js, /home/ahao/catkin_ws/devel/share/gennodejs/ros/clik/srv/manipulator_mode.js)
Linked: (/home/ahao/catkin_ws/devel/.private/clik/share/gennodejs/ros/clik/srv/_index.js, /home/ahao/catkin_ws/devel/share/gennodejs/ros/clik/srv/_index.js)
Linked: (/home/ahao/catkin_ws/devel/.private/clik/share/gennodejs/ros/clik/srv/traj_out_msg.js, /home/ahao/catkin_ws/devel/share/gennodejs/ros/clik/srv/traj_out_msg.js)
Linked: (/home/ahao/catkin_ws/devel/.private/clik/share/gennodejs/ros/clik/srv/traj_solver_msg.js, /home/ahao/catkin_ws/devel/share/gennodejs/ros/clik/srv/traj_solver_msg.js)
Linked: (/home/ahao/catkin_ws/devel/.private/clik/share/gennodejs/ros/clik/msg/position_pub.js, /home/ahao/catkin_ws/devel/share/gennodejs/ros/clik/msg/position_pub.js)
Linked: (/home/ahao/catkin_ws/devel/.private/clik/share/gennodejs/ros/clik/msg/_index.js, /home/ahao/catkin_ws/devel/share/gennodejs/ros/clik/msg/_index.js)
Linked: (/home/ahao/catkin_ws/devel/.private/clik/share/gennodejs/ros/clik/msg/action.js, /home/ahao/catkin_ws/devel/share/gennodejs/ros/clik/msg/action.js)
Linked: (/home/ahao/catkin_ws/devel/.private/clik/share/clik/cmake/clik-msg-extras.cmake, /home/ahao/catkin_ws/devel/share/clik/cmake/clik-msg-extras.cmake)
Linked: (/home/ahao/catkin_ws/devel/.private/clik/share/clik/cmake/clikConfig.cmake, /home/ahao/catkin_ws/devel/share/clik/cmake/clikConfig.cmake)
Linked: (/home/ahao/catkin_ws/devel/.private/clik/share/clik/cmake/clik-msg-paths.cmake, /home/ahao/catkin_ws/devel/share/clik/cmake/clik-msg-paths.cmake)
Linked: (/home/ahao/catkin_ws/devel/.private/clik/share/clik/cmake/clikConfig-version.cmake, /home/ahao/catkin_ws/devel/share/clik/cmake/clikConfig-version.cmake)
Linked: (/home/ahao/catkin_ws/devel/.private/clik/share/common-lisp/ros/clik/srv/_package_manipulator_mode.lisp, /home/ahao/catkin_ws/devel/share/common-lisp/ros/clik/srv/_package_manipulator_mode.lisp)
Linked: (/home/ahao/catkin_ws/devel/.private/clik/share/common-lisp/ros/clik/srv/traj_out_msg.lisp, /home/ahao/catkin_ws/devel/share/common-lisp/ros/clik/srv/traj_out_msg.lisp)
Linked: (/home/ahao/catkin_ws/devel/.private/clik/share/common-lisp/ros/clik/srv/manipulator_mode.lisp, /home/ahao/catkin_ws/devel/share/common-lisp/ros/clik/srv/manipulator_mode.lisp)
Linked: (/home/ahao/catkin_ws/devel/.private/clik/share/common-lisp/ros/clik/srv/_package.lisp, /home/ahao/catkin_ws/devel/share/common-lisp/ros/clik/srv/_package.lisp)
Linked: (/home/ahao/catkin_ws/devel/.private/clik/share/common-lisp/ros/clik/srv/_package_traj_out_msg.lisp, /home/ahao/catkin_ws/devel/share/common-lisp/ros/clik/srv/_package_traj_out_msg.lisp)
Linked: (/home/ahao/catkin_ws/devel/.private/clik/share/common-lisp/ros/clik/srv/_package_traj_solver_msg.lisp, /home/ahao/catkin_ws/devel/share/common-lisp/ros/clik/srv/_package_traj_solver_msg.lisp)
Linked: (/home/ahao/catkin_ws/devel/.private/clik/share/common-lisp/ros/clik/srv/clik-srv.asd, /home/ahao/catkin_ws/devel/share/common-lisp/ros/clik/srv/clik-srv.asd)
Linked: (/home/ahao/catkin_ws/devel/.private/clik/share/common-lisp/ros/clik/srv/traj_solver_msg.lisp, /home/ahao/catkin_ws/devel/share/common-lisp/ros/clik/srv/traj_solver_msg.lisp)
Linked: (/home/ahao/catkin_ws/devel/.private/clik/share/common-lisp/ros/clik/msg/action.lisp, /home/ahao/catkin_ws/devel/share/common-lisp/ros/clik/msg/action.lisp)
Linked: (/home/ahao/catkin_ws/devel/.private/clik/share/common-lisp/ros/clik/msg/clik-msg.asd, /home/ahao/catkin_ws/devel/share/common-lisp/ros/clik/msg/clik-msg.asd)
Linked: (/home/ahao/catkin_ws/devel/.private/clik/share/common-lisp/ros/clik/msg/_package_action.lisp, /home/ahao/catkin_ws/devel/share/common-lisp/ros/clik/msg/_package_action.lisp)
Linked: (/home/ahao/catkin_ws/devel/.private/clik/share/common-lisp/ros/clik/msg/_package.lisp, /home/ahao/catkin_ws/devel/share/common-lisp/ros/clik/msg/_package.lisp)
Linked: (/home/ahao/catkin_ws/devel/.private/clik/share/common-lisp/ros/clik/msg/_package_position_pub.lisp, /home/ahao/catkin_ws/devel/share/common-lisp/ros/clik/msg/_package_position_pub.lisp)
Linked: (/home/ahao/catkin_ws/devel/.private/clik/share/common-lisp/ros/clik/msg/position_pub.lisp, /home/ahao/catkin_ws/devel/share/common-lisp/ros/clik/msg/position_pub.lisp)
