Linked: (/home/ahao/catkin_ws/devel/.private/task_plan/include/task_plan/traj_solver_msgRequest.h, /home/ahao/catkin_ws/devel/include/task_plan/traj_solver_msgRequest.h)
Linked: (/home/ahao/catkin_ws/devel/.private/task_plan/include/task_plan/traj_solver_msgResponse.h, /home/ahao/catkin_ws/devel/include/task_plan/traj_solver_msgResponse.h)
Linked: (/home/ahao/catkin_ws/devel/.private/task_plan/include/task_plan/traj_out_msg.h, /home/ahao/catkin_ws/devel/include/task_plan/traj_out_msg.h)
Linked: (/home/ahao/catkin_ws/devel/.private/task_plan/include/task_plan/traj_solver_msg.h, /home/ahao/catkin_ws/devel/include/task_plan/traj_solver_msg.h)
Linked: (/home/ahao/catkin_ws/devel/.private/task_plan/include/task_plan/traj_out_msgResponse.h, /home/ahao/catkin_ws/devel/include/task_plan/traj_out_msgResponse.h)
Linked: (/home/ahao/catkin_ws/devel/.private/task_plan/include/task_plan/traj_out_msgRequest.h, /home/ahao/catkin_ws/devel/include/task_plan/traj_out_msgRequest.h)
Linked: (/home/ahao/catkin_ws/devel/.private/task_plan/lib/pkgconfig/task_plan.pc, /home/ahao/catkin_ws/devel/lib/pkgconfig/task_plan.pc)
Linked: (/home/ahao/catkin_ws/devel/.private/task_plan/lib/python2.7/dist-packages/task_plan/__init__.py, /home/ahao/catkin_ws/devel/lib/python2.7/dist-packages/task_plan/__init__.py)
Linked: (/home/ahao/catkin_ws/devel/.private/task_plan/lib/python2.7/dist-packages/task_plan/srv/_traj_out_msg.py, /home/ahao/catkin_ws/devel/lib/python2.7/dist-packages/task_plan/srv/_traj_out_msg.py)
Linked: (/home/ahao/catkin_ws/devel/.private/task_plan/lib/python2.7/dist-packages/task_plan/srv/_traj_solver_msg.py, /home/ahao/catkin_ws/devel/lib/python2.7/dist-packages/task_plan/srv/_traj_solver_msg.py)
Linked: (/home/ahao/catkin_ws/devel/.private/task_plan/lib/python2.7/dist-packages/task_plan/srv/__init__.py, /home/ahao/catkin_ws/devel/lib/python2.7/dist-packages/task_plan/srv/__init__.py)
Linked: (/home/ahao/catkin_ws/devel/.private/task_plan/lib/task_plan/pathfinder, /home/ahao/catkin_ws/devel/lib/task_plan/pathfinder)
Linked: (/home/ahao/catkin_ws/devel/.private/task_plan/lib/task_plan/traj_solver, /home/ahao/catkin_ws/devel/lib/task_plan/traj_solver)
Linked: (/home/ahao/catkin_ws/devel/.private/task_plan/lib/task_plan/traj_gen, /home/ahao/catkin_ws/devel/lib/task_plan/traj_gen)
Linked: (/home/ahao/catkin_ws/devel/.private/task_plan/share/roseus/ros/task_plan/manifest.l, /home/ahao/catkin_ws/devel/share/roseus/ros/task_plan/manifest.l)
Linked: (/home/ahao/catkin_ws/devel/.private/task_plan/share/roseus/ros/task_plan/srv/traj_solver_msg.l, /home/ahao/catkin_ws/devel/share/roseus/ros/task_plan/srv/traj_solver_msg.l)
Linked: (/home/ahao/catkin_ws/devel/.private/task_plan/share/roseus/ros/task_plan/srv/traj_out_msg.l, /home/ahao/catkin_ws/devel/share/roseus/ros/task_plan/srv/traj_out_msg.l)
Linked: (/home/ahao/catkin_ws/devel/.private/task_plan/share/gennodejs/ros/task_plan/_index.js, /home/ahao/catkin_ws/devel/share/gennodejs/ros/task_plan/_index.js)
Linked: (/home/ahao/catkin_ws/devel/.private/task_plan/share/gennodejs/ros/task_plan/srv/_index.js, /home/ahao/catkin_ws/devel/share/gennodejs/ros/task_plan/srv/_index.js)
Linked: (/home/ahao/catkin_ws/devel/.private/task_plan/share/gennodejs/ros/task_plan/srv/traj_out_msg.js, /home/ahao/catkin_ws/devel/share/gennodejs/ros/task_plan/srv/traj_out_msg.js)
Linked: (/home/ahao/catkin_ws/devel/.private/task_plan/share/gennodejs/ros/task_plan/srv/traj_solver_msg.js, /home/ahao/catkin_ws/devel/share/gennodejs/ros/task_plan/srv/traj_solver_msg.js)
Linked: (/home/ahao/catkin_ws/devel/.private/task_plan/share/task_plan/cmake/task_planConfig.cmake, /home/ahao/catkin_ws/devel/share/task_plan/cmake/task_planConfig.cmake)
Linked: (/home/ahao/catkin_ws/devel/.private/task_plan/share/task_plan/cmake/task_planConfig-version.cmake, /home/ahao/catkin_ws/devel/share/task_plan/cmake/task_planConfig-version.cmake)
Linked: (/home/ahao/catkin_ws/devel/.private/task_plan/share/task_plan/cmake/task_plan-msg-paths.cmake, /home/ahao/catkin_ws/devel/share/task_plan/cmake/task_plan-msg-paths.cmake)
Linked: (/home/ahao/catkin_ws/devel/.private/task_plan/share/task_plan/cmake/task_plan-msg-extras.cmake, /home/ahao/catkin_ws/devel/share/task_plan/cmake/task_plan-msg-extras.cmake)
Linked: (/home/ahao/catkin_ws/devel/.private/task_plan/share/common-lisp/ros/task_plan/srv/traj_out_msg.lisp, /home/ahao/catkin_ws/devel/share/common-lisp/ros/task_plan/srv/traj_out_msg.lisp)
Linked: (/home/ahao/catkin_ws/devel/.private/task_plan/share/common-lisp/ros/task_plan/srv/task_plan-srv.asd, /home/ahao/catkin_ws/devel/share/common-lisp/ros/task_plan/srv/task_plan-srv.asd)
Linked: (/home/ahao/catkin_ws/devel/.private/task_plan/share/common-lisp/ros/task_plan/srv/_package.lisp, /home/ahao/catkin_ws/devel/share/common-lisp/ros/task_plan/srv/_package.lisp)
Linked: (/home/ahao/catkin_ws/devel/.private/task_plan/share/common-lisp/ros/task_plan/srv/_package_traj_out_msg.lisp, /home/ahao/catkin_ws/devel/share/common-lisp/ros/task_plan/srv/_package_traj_out_msg.lisp)
Linked: (/home/ahao/catkin_ws/devel/.private/task_plan/share/common-lisp/ros/task_plan/srv/_package_traj_solver_msg.lisp, /home/ahao/catkin_ws/devel/share/common-lisp/ros/task_plan/srv/_package_traj_solver_msg.lisp)
Linked: (/home/ahao/catkin_ws/devel/.private/task_plan/share/common-lisp/ros/task_plan/srv/traj_solver_msg.lisp, /home/ahao/catkin_ws/devel/share/common-lisp/ros/task_plan/srv/traj_solver_msg.lisp)
