[  0%] Built target std_msgs_generate_messages_py
[  0%] Built target _task_plan_generate_messages_check_deps_traj_solver_msg
[  0%] Built target _task_plan_generate_messages_check_deps_traj_out_msg
[  0%] Built target rosgraph_msgs_generate_messages_nodejs
[  0%] Built target rosgraph_msgs_generate_messages_py
[  0%] Built target rosgraph_msgs_generate_messages_eus
[  0%] Built target rosgraph_msgs_generate_messages_cpp
[  0%] Built target _catkin_empty_exported_target
[  0%] Built target std_msgs_generate_messages_cpp
[  0%] Built target roscpp_generate_messages_py
[  0%] Built target roscpp_generate_messages_nodejs
[  0%] Built target roscpp_generate_messages_eus
[  0%] Built target roscpp_generate_messages_cpp
[  0%] Built target roscpp_generate_messages_lisp
[  0%] Built target std_msgs_generate_messages_nodejs
[  0%] Built target std_msgs_generate_messages_lisp
[  0%] Built target rosgraph_msgs_generate_messages_lisp
[  0%] Built target std_msgs_generate_messages_eus
[  8%] Built target task_plan_generate_messages_lisp
[ 20%] Built target task_plan_generate_messages_py
[ 29%] Built target task_plan_generate_messages_cpp
[ 45%] Built target task_plan_generate_messages_nodejs
[ 50%] Built target task_plan_generate_messages_eus
[ 50%] Built target task_plan_generate_messages
[ 62%] Built target pathfinder
[ 75%] Built target traj_gen
[100%] Built target traj_solver
