Symlinking /home/ahao/catkin_ws/devel/include/task_plan/traj_solver_msgRequest.h
Symlinking /home/ahao/catkin_ws/devel/include/task_plan/traj_solver_msgResponse.h
Symlinking /home/ahao/catkin_ws/devel/include/task_plan/traj_out_msg.h
Symlinking /home/ahao/catkin_ws/devel/include/task_plan/traj_solver_msg.h
Symlinking /home/ahao/catkin_ws/devel/include/task_plan/traj_out_msgResponse.h
Symlinking /home/ahao/catkin_ws/devel/include/task_plan/traj_out_msgRequest.h
Symlinking /home/ahao/catkin_ws/devel/lib/pkgconfig/task_plan.pc
Symlinking /home/ahao/catkin_ws/devel/lib/python2.7/dist-packages/task_plan/__init__.py
Symlinking /home/ahao/catkin_ws/devel/lib/python2.7/dist-packages/task_plan/srv/_traj_out_msg.py
Symlinking /home/ahao/catkin_ws/devel/lib/python2.7/dist-packages/task_plan/srv/_traj_solver_msg.py
Symlinking /home/ahao/catkin_ws/devel/lib/python2.7/dist-packages/task_plan/srv/__init__.py
Symlinking /home/ahao/catkin_ws/devel/lib/task_plan/pathfinder
Symlinking /home/ahao/catkin_ws/devel/lib/task_plan/traj_solver
Symlinking /home/ahao/catkin_ws/devel/lib/task_plan/traj_gen
Symlinking /home/ahao/catkin_ws/devel/share/roseus/ros/task_plan/manifest.l
Symlinking /home/ahao/catkin_ws/devel/share/roseus/ros/task_plan/srv/traj_solver_msg.l
Symlinking /home/ahao/catkin_ws/devel/share/roseus/ros/task_plan/srv/traj_out_msg.l
Symlinking /home/ahao/catkin_ws/devel/share/gennodejs/ros/task_plan/_index.js
Symlinking /home/ahao/catkin_ws/devel/share/gennodejs/ros/task_plan/srv/_index.js
Symlinking /home/ahao/catkin_ws/devel/share/gennodejs/ros/task_plan/srv/traj_out_msg.js
Symlinking /home/ahao/catkin_ws/devel/share/gennodejs/ros/task_plan/srv/traj_solver_msg.js
Symlinking /home/ahao/catkin_ws/devel/share/task_plan/cmake/task_planConfig.cmake
Symlinking /home/ahao/catkin_ws/devel/share/task_plan/cmake/task_planConfig-version.cmake
Symlinking /home/ahao/catkin_ws/devel/share/task_plan/cmake/task_plan-msg-paths.cmake
Symlinking /home/ahao/catkin_ws/devel/share/task_plan/cmake/task_plan-msg-extras.cmake
Symlinking /home/ahao/catkin_ws/devel/share/common-lisp/ros/task_plan/srv/traj_out_msg.lisp
Symlinking /home/ahao/catkin_ws/devel/share/common-lisp/ros/task_plan/srv/task_plan-srv.asd
Symlinking /home/ahao/catkin_ws/devel/share/common-lisp/ros/task_plan/srv/_package.lisp
Symlinking /home/ahao/catkin_ws/devel/share/common-lisp/ros/task_plan/srv/_package_traj_out_msg.lisp
Symlinking /home/ahao/catkin_ws/devel/share/common-lisp/ros/task_plan/srv/_package_traj_solver_msg.lisp
Symlinking /home/ahao/catkin_ws/devel/share/common-lisp/ros/task_plan/srv/traj_solver_msg.lisp
Cleaning: (/home/kantsky/simulator_flyingDelta/catkin_ws/devel/.private/task_plan/cmake.lock, /home/kantsky/simulator_flyingDelta/catkin_ws/devel/./cmake.lock)
Cleaning: (/home/kantsky/simulator_flyingDelta/catkin_ws/devel/.private/task_plan/share/task_plan/cmake/task_planConfig-version.cmake, /home/kantsky/simulator_flyingDelta/catkin_ws/devel/share/task_plan/cmake/task_planConfig-version.cmake)
Cleaning: (/home/kantsky/simulator_flyingDelta/catkin_ws/devel/.private/task_plan/share/task_plan/cmake/task_plan-msg-paths.cmake, /home/kantsky/simulator_flyingDelta/catkin_ws/devel/share/task_plan/cmake/task_plan-msg-paths.cmake)
Cleaning: (/home/kantsky/simulator_flyingDelta/catkin_ws/devel/.private/task_plan/share/task_plan/cmake/task_plan-msg-extras.cmake, /home/kantsky/simulator_flyingDelta/catkin_ws/devel/share/task_plan/cmake/task_plan-msg-extras.cmake)
Cleaning: (/home/kantsky/simulator_flyingDelta/catkin_ws/devel/.private/task_plan/share/task_plan/cmake/task_planConfig.cmake, /home/kantsky/simulator_flyingDelta/catkin_ws/devel/share/task_plan/cmake/task_planConfig.cmake)
Cleaning: (/home/kantsky/simulator_flyingDelta/catkin_ws/devel/.private/task_plan/share/common-lisp/ros/task_plan/srv/traj_out_msg.lisp, /home/kantsky/simulator_flyingDelta/catkin_ws/devel/share/common-lisp/ros/task_plan/srv/traj_out_msg.lisp)
Cleaning: (/home/kantsky/simulator_flyingDelta/catkin_ws/devel/.private/task_plan/share/common-lisp/ros/task_plan/srv/_package.lisp, /home/kantsky/simulator_flyingDelta/catkin_ws/devel/share/common-lisp/ros/task_plan/srv/_package.lisp)
Cleaning: (/home/kantsky/simulator_flyingDelta/catkin_ws/devel/.private/task_plan/share/common-lisp/ros/task_plan/srv/_package_traj_out_msg.lisp, /home/kantsky/simulator_flyingDelta/catkin_ws/devel/share/common-lisp/ros/task_plan/srv/_package_traj_out_msg.lisp)
Cleaning: (/home/kantsky/simulator_flyingDelta/catkin_ws/devel/.private/task_plan/share/common-lisp/ros/task_plan/srv/_package_traj_solver_msg.lisp, /home/kantsky/simulator_flyingDelta/catkin_ws/devel/share/common-lisp/ros/task_plan/srv/_package_traj_solver_msg.lisp)
Cleaning: (/home/kantsky/simulator_flyingDelta/catkin_ws/devel/.private/task_plan/share/common-lisp/ros/task_plan/srv/traj_solver_msg.lisp, /home/kantsky/simulator_flyingDelta/catkin_ws/devel/share/common-lisp/ros/task_plan/srv/traj_solver_msg.lisp)
Cleaning: (/home/kantsky/simulator_flyingDelta/catkin_ws/devel/.private/task_plan/share/common-lisp/ros/task_plan/srv/task_plan-srv.asd, /home/kantsky/simulator_flyingDelta/catkin_ws/devel/share/common-lisp/ros/task_plan/srv/task_plan-srv.asd)
Cleaning: (/home/kantsky/simulator_flyingDelta/catkin_ws/devel/.private/task_plan/share/gennodejs/ros/task_plan/_index.js, /home/kantsky/simulator_flyingDelta/catkin_ws/devel/share/gennodejs/ros/task_plan/_index.js)
Cleaning: (/home/kantsky/simulator_flyingDelta/catkin_ws/devel/.private/task_plan/share/gennodejs/ros/task_plan/srv/traj_solver_msg.js, /home/kantsky/simulator_flyingDelta/catkin_ws/devel/share/gennodejs/ros/task_plan/srv/traj_solver_msg.js)
Cleaning: (/home/kantsky/simulator_flyingDelta/catkin_ws/devel/.private/task_plan/share/gennodejs/ros/task_plan/srv/_index.js, /home/kantsky/simulator_flyingDelta/catkin_ws/devel/share/gennodejs/ros/task_plan/srv/_index.js)
Cleaning: (/home/kantsky/simulator_flyingDelta/catkin_ws/devel/.private/task_plan/share/gennodejs/ros/task_plan/srv/traj_out_msg.js, /home/kantsky/simulator_flyingDelta/catkin_ws/devel/share/gennodejs/ros/task_plan/srv/traj_out_msg.js)
Cleaning: (/home/kantsky/simulator_flyingDelta/catkin_ws/devel/.private/task_plan/share/roseus/ros/task_plan/manifest.l, /home/kantsky/simulator_flyingDelta/catkin_ws/devel/share/roseus/ros/task_plan/manifest.l)
Cleaning: (/home/kantsky/simulator_flyingDelta/catkin_ws/devel/.private/task_plan/share/roseus/ros/task_plan/srv/traj_solver_msg.l, /home/kantsky/simulator_flyingDelta/catkin_ws/devel/share/roseus/ros/task_plan/srv/traj_solver_msg.l)
Cleaning: (/home/kantsky/simulator_flyingDelta/catkin_ws/devel/.private/task_plan/share/roseus/ros/task_plan/srv/traj_out_msg.l, /home/kantsky/simulator_flyingDelta/catkin_ws/devel/share/roseus/ros/task_plan/srv/traj_out_msg.l)
Cleaning: (/home/kantsky/simulator_flyingDelta/catkin_ws/devel/.private/task_plan/include/task_plan/traj_solver_msgResponse.h, /home/kantsky/simulator_flyingDelta/catkin_ws/devel/include/task_plan/traj_solver_msgResponse.h)
Cleaning: (/home/kantsky/simulator_flyingDelta/catkin_ws/devel/.private/task_plan/include/task_plan/traj_solver_msgRequest.h, /home/kantsky/simulator_flyingDelta/catkin_ws/devel/include/task_plan/traj_solver_msgRequest.h)
Cleaning: (/home/kantsky/simulator_flyingDelta/catkin_ws/devel/.private/task_plan/include/task_plan/traj_out_msg.h, /home/kantsky/simulator_flyingDelta/catkin_ws/devel/include/task_plan/traj_out_msg.h)
Cleaning: (/home/kantsky/simulator_flyingDelta/catkin_ws/devel/.private/task_plan/include/task_plan/traj_solver_msg.h, /home/kantsky/simulator_flyingDelta/catkin_ws/devel/include/task_plan/traj_solver_msg.h)
Cleaning: (/home/kantsky/simulator_flyingDelta/catkin_ws/devel/.private/task_plan/include/task_plan/traj_out_msgRequest.h, /home/kantsky/simulator_flyingDelta/catkin_ws/devel/include/task_plan/traj_out_msgRequest.h)
Cleaning: (/home/kantsky/simulator_flyingDelta/catkin_ws/devel/.private/task_plan/include/task_plan/traj_out_msgResponse.h, /home/kantsky/simulator_flyingDelta/catkin_ws/devel/include/task_plan/traj_out_msgResponse.h)
Cleaning: (/home/kantsky/simulator_flyingDelta/catkin_ws/devel/.private/task_plan/lib/task_plan/traj_gen, /home/kantsky/simulator_flyingDelta/catkin_ws/devel/lib/task_plan/traj_gen)
Cleaning: (/home/kantsky/simulator_flyingDelta/catkin_ws/devel/.private/task_plan/lib/task_plan/traj_solver, /home/kantsky/simulator_flyingDelta/catkin_ws/devel/lib/task_plan/traj_solver)
Cleaning: (/home/kantsky/simulator_flyingDelta/catkin_ws/devel/.private/task_plan/lib/task_plan/pathfinder, /home/kantsky/simulator_flyingDelta/catkin_ws/devel/lib/task_plan/pathfinder)
Cleaning: (/home/kantsky/simulator_flyingDelta/catkin_ws/devel/.private/task_plan/lib/python2.7/dist-packages/task_plan/__init__.py, /home/kantsky/simulator_flyingDelta/catkin_ws/devel/lib/python2.7/dist-packages/task_plan/__init__.py)
Cleaning: (/home/kantsky/simulator_flyingDelta/catkin_ws/devel/.private/task_plan/lib/python2.7/dist-packages/task_plan/srv/_traj_out_msg.py, /home/kantsky/simulator_flyingDelta/catkin_ws/devel/lib/python2.7/dist-packages/task_plan/srv/_traj_out_msg.py)
Cleaning: (/home/kantsky/simulator_flyingDelta/catkin_ws/devel/.private/task_plan/lib/python2.7/dist-packages/task_plan/srv/_traj_solver_msg.py, /home/kantsky/simulator_flyingDelta/catkin_ws/devel/lib/python2.7/dist-packages/task_plan/srv/_traj_solver_msg.py)
Cleaning: (/home/kantsky/simulator_flyingDelta/catkin_ws/devel/.private/task_plan/lib/python2.7/dist-packages/task_plan/srv/__init__.py, /home/kantsky/simulator_flyingDelta/catkin_ws/devel/lib/python2.7/dist-packages/task_plan/srv/__init__.py)
Cleaning: (/home/kantsky/simulator_flyingDelta/catkin_ws/devel/.private/task_plan/lib/pkgconfig/task_plan.pc, /home/kantsky/simulator_flyingDelta/catkin_ws/devel/lib/pkgconfig/task_plan.pc)
Unlinking: /home/kantsky/simulator_flyingDelta/catkin_ws/devel/share/task_plan/cmake/task_planConfig-version.cmake
Already unlinked: {}
Unlinking: /home/kantsky/simulator_flyingDelta/catkin_ws/devel/share/task_plan/cmake/task_plan-msg-paths.cmake
Already unlinked: {}
Unlinking: /home/kantsky/simulator_flyingDelta/catkin_ws/devel/share/task_plan/cmake/task_plan-msg-extras.cmake
Already unlinked: {}
Unlinking: /home/kantsky/simulator_flyingDelta/catkin_ws/devel/share/task_plan/cmake/task_planConfig.cmake
Already unlinked: {}
Unlinking: /home/kantsky/simulator_flyingDelta/catkin_ws/devel/share/common-lisp/ros/task_plan/srv/traj_out_msg.lisp
Already unlinked: {}
Unlinking: /home/kantsky/simulator_flyingDelta/catkin_ws/devel/share/common-lisp/ros/task_plan/srv/_package.lisp
Already unlinked: {}
Unlinking: /home/kantsky/simulator_flyingDelta/catkin_ws/devel/share/common-lisp/ros/task_plan/srv/_package_traj_out_msg.lisp
Already unlinked: {}
Unlinking: /home/kantsky/simulator_flyingDelta/catkin_ws/devel/share/common-lisp/ros/task_plan/srv/_package_traj_solver_msg.lisp
Already unlinked: {}
Unlinking: /home/kantsky/simulator_flyingDelta/catkin_ws/devel/share/common-lisp/ros/task_plan/srv/traj_solver_msg.lisp
Already unlinked: {}
Unlinking: /home/kantsky/simulator_flyingDelta/catkin_ws/devel/share/common-lisp/ros/task_plan/srv/task_plan-srv.asd
Already unlinked: {}
Unlinking: /home/kantsky/simulator_flyingDelta/catkin_ws/devel/share/gennodejs/ros/task_plan/_index.js
Already unlinked: {}
Unlinking: /home/kantsky/simulator_flyingDelta/catkin_ws/devel/share/gennodejs/ros/task_plan/srv/traj_solver_msg.js
Already unlinked: {}
Unlinking: /home/kantsky/simulator_flyingDelta/catkin_ws/devel/share/gennodejs/ros/task_plan/srv/_index.js
Already unlinked: {}
Unlinking: /home/kantsky/simulator_flyingDelta/catkin_ws/devel/share/gennodejs/ros/task_plan/srv/traj_out_msg.js
Already unlinked: {}
Unlinking: /home/kantsky/simulator_flyingDelta/catkin_ws/devel/share/roseus/ros/task_plan/manifest.l
Already unlinked: {}
Unlinking: /home/kantsky/simulator_flyingDelta/catkin_ws/devel/share/roseus/ros/task_plan/srv/traj_solver_msg.l
Already unlinked: {}
Unlinking: /home/kantsky/simulator_flyingDelta/catkin_ws/devel/share/roseus/ros/task_plan/srv/traj_out_msg.l
Already unlinked: {}
Unlinking: /home/kantsky/simulator_flyingDelta/catkin_ws/devel/include/task_plan/traj_solver_msgResponse.h
Already unlinked: {}
Unlinking: /home/kantsky/simulator_flyingDelta/catkin_ws/devel/include/task_plan/traj_solver_msgRequest.h
Already unlinked: {}
Unlinking: /home/kantsky/simulator_flyingDelta/catkin_ws/devel/include/task_plan/traj_out_msg.h
Already unlinked: {}
Unlinking: /home/kantsky/simulator_flyingDelta/catkin_ws/devel/include/task_plan/traj_solver_msg.h
Already unlinked: {}
Unlinking: /home/kantsky/simulator_flyingDelta/catkin_ws/devel/include/task_plan/traj_out_msgRequest.h
Already unlinked: {}
Unlinking: /home/kantsky/simulator_flyingDelta/catkin_ws/devel/include/task_plan/traj_out_msgResponse.h
Already unlinked: {}
Unlinking: /home/kantsky/simulator_flyingDelta/catkin_ws/devel/lib/task_plan/traj_gen
Already unlinked: {}
Unlinking: /home/kantsky/simulator_flyingDelta/catkin_ws/devel/lib/task_plan/traj_solver
Already unlinked: {}
Unlinking: /home/kantsky/simulator_flyingDelta/catkin_ws/devel/lib/task_plan/pathfinder
Already unlinked: {}
Unlinking: /home/kantsky/simulator_flyingDelta/catkin_ws/devel/lib/python2.7/dist-packages/task_plan/__init__.py
Already unlinked: {}
Unlinking: /home/kantsky/simulator_flyingDelta/catkin_ws/devel/lib/python2.7/dist-packages/task_plan/srv/_traj_out_msg.py
Already unlinked: {}
Unlinking: /home/kantsky/simulator_flyingDelta/catkin_ws/devel/lib/python2.7/dist-packages/task_plan/srv/_traj_solver_msg.py
Already unlinked: {}
Unlinking: /home/kantsky/simulator_flyingDelta/catkin_ws/devel/lib/python2.7/dist-packages/task_plan/srv/__init__.py
Already unlinked: {}
Unlinking: /home/kantsky/simulator_flyingDelta/catkin_ws/devel/lib/pkgconfig/task_plan.pc
Already unlinked: {}
