Determining if the pthread_create exist failed with the following output:
Change Dir: /home/ahao/catkin_ws/build/point_cloud_converter/CMakeFiles/CMakeTmp

Run Build Command:"/usr/bin/make" "cmTC_1061e/fast"
/usr/bin/make -f CMakeFiles/cmTC_1061e.dir/build.make CMakeFiles/cmTC_1061e.dir/build
make[1]: Entering directory '/home/ahao/catkin_ws/build/point_cloud_converter/CMakeFiles/CMakeTmp'
Building C object CMakeFiles/cmTC_1061e.dir/CheckSymbolExists.c.o
/usr/bin/cc    -o CMakeFiles/cmTC_1061e.dir/CheckSymbolExists.c.o   -c /home/ahao/catkin_ws/build/point_cloud_converter/CMakeFiles/CMakeTmp/CheckSymbolExists.c
Linking C executable cmTC_1061e
/usr/bin/cmake -E cmake_link_script CMakeFiles/cmTC_1061e.dir/link.txt --verbose=1
/usr/bin/cc      -rdynamic CMakeFiles/cmTC_1061e.dir/CheckSymbolExists.c.o  -o cmTC_1061e 
CMakeFiles/cmTC_1061e.dir/CheckSymbolExists.c.o: In function `main':
CheckSymbolExists.c:(.text+0x1b): undefined reference to `pthread_create'
collect2: error: ld returned 1 exit status
CMakeFiles/cmTC_1061e.dir/build.make:97: recipe for target 'cmTC_1061e' failed
make[1]: *** [cmTC_1061e] Error 1
make[1]: Leaving directory '/home/ahao/catkin_ws/build/point_cloud_converter/CMakeFiles/CMakeTmp'
Makefile:126: recipe for target 'cmTC_1061e/fast' failed
make: *** [cmTC_1061e/fast] Error 2

File /home/ahao/catkin_ws/build/point_cloud_converter/CMakeFiles/CMakeTmp/CheckSymbolExists.c:
/* */
#include <pthread.h>

int main(int argc, char** argv)
{
  (void)argv;
#ifndef pthread_create
  return ((int*)(&pthread_create))[argc];
#else
  (void)argc;
  return 0;
#endif
}

Determining if the function pthread_create exists in the pthreads failed with the following output:
Change Dir: /home/ahao/catkin_ws/build/point_cloud_converter/CMakeFiles/CMakeTmp

Run Build Command:"/usr/bin/make" "cmTC_bfc03/fast"
/usr/bin/make -f CMakeFiles/cmTC_bfc03.dir/build.make CMakeFiles/cmTC_bfc03.dir/build
make[1]: Entering directory '/home/ahao/catkin_ws/build/point_cloud_converter/CMakeFiles/CMakeTmp'
Building C object CMakeFiles/cmTC_bfc03.dir/CheckFunctionExists.c.o
/usr/bin/cc   -DCHECK_FUNCTION_EXISTS=pthread_create   -o CMakeFiles/cmTC_bfc03.dir/CheckFunctionExists.c.o   -c /usr/share/cmake-3.10/Modules/CheckFunctionExists.c
Linking C executable cmTC_bfc03
/usr/bin/cmake -E cmake_link_script CMakeFiles/cmTC_bfc03.dir/link.txt --verbose=1
/usr/bin/cc  -DCHECK_FUNCTION_EXISTS=pthread_create    -rdynamic CMakeFiles/cmTC_bfc03.dir/CheckFunctionExists.c.o  -o cmTC_bfc03 -lpthreads 
/usr/bin/ld: cannot find -lpthreads
collect2: error: ld returned 1 exit status
CMakeFiles/cmTC_bfc03.dir/build.make:97: recipe for target 'cmTC_bfc03' failed
make[1]: *** [cmTC_bfc03] Error 1
make[1]: Leaving directory '/home/ahao/catkin_ws/build/point_cloud_converter/CMakeFiles/CMakeTmp'
Makefile:126: recipe for target 'cmTC_bfc03/fast' failed
make: *** [cmTC_bfc03/fast] Error 2


