[01m[K/home/ahao/catkin_ws/src/gripper_control/gripper_control.cpp:[m[K In function ‘[01m[Kint main(int, char**)[m[K’:
[01m[K/home/ahao/catkin_ws/src/gripper_control/gripper_control.cpp:28:36:[m[K [01;31m[Kerror: [m[Kno match for ‘[01m[Koperator=[m[K’ (operand types are ‘[01m[Kstd_msgs::Float32 {aka std_msgs::Float32_<std::allocator<void> >}[m[K’ and ‘[01m[Kdouble[m[K’)
         gripper1_pos = (double)(0.5[01;31m[K)[m[K;
                                    [01;31m[K^[m[K
In file included from [01m[K/home/ahao/catkin_ws/src/gripper_control/gripper_control.cpp:7:0[m[K:
[01m[K/opt/ros/melodic/include/std_msgs/Float32.h:22:8:[m[K [01;36m[Knote: [m[Kcandidate: constexpr std_msgs::Float32_<std::allocator<void> >& std_msgs::Float32_<std::allocator<void> >::operator=(const std_msgs::Float32_<std::allocator<void> >&)
 struct [01;36m[KFloat32_[m[K
        [01;36m[K^~~~~~~~[m[K
[01m[K/opt/ros/melodic/include/std_msgs/Float32.h:22:8:[m[K [01;36m[Knote: [m[K  no known conversion for argument 1 from ‘[01m[Kdouble[m[K’ to ‘[01m[Kconst std_msgs::Float32_<std::allocator<void> >&[m[K’
[01m[K/opt/ros/melodic/include/std_msgs/Float32.h:22:8:[m[K [01;36m[Knote: [m[Kcandidate: constexpr std_msgs::Float32_<std::allocator<void> >& std_msgs::Float32_<std::allocator<void> >::operator=(std_msgs::Float32_<std::allocator<void> >&&)
[01m[K/opt/ros/melodic/include/std_msgs/Float32.h:22:8:[m[K [01;36m[Knote: [m[K  no known conversion for argument 1 from ‘[01m[Kdouble[m[K’ to ‘[01m[Kstd_msgs::Float32_<std::allocator<void> >&&[m[K’
In file included from [01m[K/opt/ros/melodic/include/ros/ros.h:40:0[m[K,
                 from [01m[K/home/ahao/catkin_ws/src/gripper_control/gripper_control.cpp:6[m[K:
[01m[K/opt/ros/melodic/include/ros/console.h:348:176:[m[K [01;35m[Kwarning: [m[Kformat ‘[01m[K%f[m[K’ expects argument of type ‘[01m[Kdouble[m[K’, but argument 8 has type ‘[01m[Kstd_msgs::Float32 {aka std_msgs::Float32_<std::allocator<void> >}[m[K’ [[01;35m[K-Wformat=[m[K]
     ::ros::console::print(filter, __rosconsole_define_location__loc.logger_, __rosconsole_define_location__loc.level_, __FILE__, __LINE__, __ROSCONSOLE_FUNCTION__, __VA_ARGS__[01;35m[K)[m[K
                                                                                                                                                                                [01;35m[K^[m[K
[01m[K/opt/ros/melodic/include/ros/console.h:351:5:[m[K [01;36m[Knote: [m[Kin expansion of macro ‘[01m[KROSCONSOLE_PRINT_AT_LOCATION_WITH_FILTER[m[K’
     [01;36m[KROSCONSOLE_PRINT_AT_LOCATION_WITH_FILTER[m[K(NULL, __VA_ARGS__)
     [01;36m[K^~~~~~~~~~~~~~~~~~~~~~~~~~~~~~~~~~~~~~~~[m[K
[01m[K/opt/ros/melodic/include/ros/console.h:387:7:[m[K [01;36m[Knote: [m[Kin expansion of macro ‘[01m[KROSCONSOLE_PRINT_AT_LOCATION[m[K’
       [01;36m[KROSCONSOLE_PRINT_AT_LOCATION[m[K(__VA_ARGS__); \
       [01;36m[K^~~~~~~~~~~~~~~~~~~~~~~~~~~~[m[K
[01m[K/opt/ros/melodic/include/ros/console.h:572:35:[m[K [01;36m[Knote: [m[Kin expansion of macro ‘[01m[KROS_LOG_COND[m[K’
 #define ROS_LOG(level, name, ...) [01;36m[KROS_LOG_COND[m[K(true, level, name, __VA_ARGS__)
                                   [01;36m[K^~~~~~~~~~~~[m[K
[01m[K/opt/ros/melodic/include/rosconsole/macros_generated.h:110:23:[m[K [01;36m[Knote: [m[Kin expansion of macro ‘[01m[KROS_LOG[m[K’
 #define ROS_INFO(...) [01;36m[KROS_LOG[m[K(::ros::console::levels::Info, ROSCONSOLE_DEFAULT_NAME, __VA_ARGS__)
                       [01;36m[K^~~~~~~[m[K
[01m[K/home/ahao/catkin_ws/src/gripper_control/gripper_control.cpp:32:9:[m[K [01;36m[Knote: [m[Kin expansion of macro ‘[01m[KROS_INFO[m[K’
         [01;36m[KROS_INFO[m[K("Publsh gripper position command[%0.2f ]", gripper1_pos);
         [01;36m[K^~~~~~~~[m[K
make[2]: *** [CMakeFiles/gripper_control.dir/gripper_control.cpp.o] Error 1
make[1]: *** [CMakeFiles/gripper_control.dir/all] Error 2
make: *** [all] Error 2
