[  0%] Built target trajectory_msgs_generate_messages_nodejs
[  0%] Built target _navigator_generate_messages_check_deps_response
[  0%] Built target _navigator_generate_messages_check_deps_interface
[  0%] Built target geometry_msgs_generate_messages_py
[  0%] Built target std_msgs_generate_messages_py
[  0%] Built target _navigator_generate_messages_check_deps_action
[  0%] Built target geometry_msgs_generate_messages_eus
[  0%] Built target std_msgs_generate_messages_eus
[  0%] Built target geometry_msgs_generate_messages_cpp
[  0%] Built target std_msgs_generate_messages_cpp
[  0%] Built target diagnostic_msgs_generate_messages_py
[  0%] Built target uuid_msgs_generate_messages_eus
[  0%] Built target geographic_msgs_generate_messages_eus
[  0%] Built target geometry_msgs_generate_messages_lisp
[  0%] Built target diagnostic_msgs_generate_messages_nodejs
[  0%] Built target mavros_msgs_generate_messages_nodejs
[  0%] Built target geographic_msgs_generate_messages_nodejs
[  0%] Built target actionlib_generate_messages_nodejs
[  0%] Built target geographic_msgs_generate_messages_cpp
[  0%] Built target diagnostic_msgs_generate_messages_lisp
[  0%] Built target std_msgs_generate_messages_nodejs
[  0%] Built target diagnostic_msgs_generate_messages_eus
[  0%] Built target actionlib_msgs_generate_messages_lisp
[  0%] Built target uuid_msgs_generate_messages_lisp
[  0%] Built target geometry_msgs_generate_messages_nodejs
[  0%] Built target nav_msgs_generate_messages_nodejs
[  0%] Built target actionlib_msgs_generate_messages_nodejs
[  0%] Built target roscpp_generate_messages_lisp
[  0%] Built target geographic_msgs_generate_messages_py
[  0%] Built target roscpp_generate_messages_cpp
[  0%] Built target sensor_msgs_generate_messages_nodejs
[  0%] Built target actionlib_generate_messages_cpp
[  0%] Built target std_msgs_generate_messages_lisp
[  0%] Built target roscpp_generate_messages_nodejs
[  0%] Built target roscpp_generate_messages_py
[  0%] Built target trajectory_msgs_generate_messages_eus
[  0%] Built target geographic_msgs_generate_messages_lisp
[  0%] Built target rosgraph_msgs_generate_messages_nodejs
[  0%] Built target _catkin_empty_exported_target
[  0%] Built target sensor_msgs_generate_messages_eus
[  0%] Built target rosgraph_msgs_generate_messages_cpp
[  0%] Built target rosgraph_msgs_generate_messages_eus
[  0%] Built target rosgraph_msgs_generate_messages_lisp
[  0%] Built target trajectory_msgs_generate_messages_py
[  0%] Built target uuid_msgs_generate_messages_cpp
[  0%] Built target uuid_msgs_generate_messages_nodejs
[  0%] Built target uuid_msgs_generate_messages_py
[  0%] Built target mavros_msgs_generate_messages_cpp
[  0%] Built target trajectory_msgs_generate_messages_cpp
[  0%] Built target mavros_msgs_generate_messages_eus
[  0%] Built target sensor_msgs_generate_messages_lisp
[  0%] Built target nav_msgs_generate_messages_cpp
[  0%] Built target mavros_msgs_generate_messages_py
[ 15%] Built target navigator_generate_messages_lisp
[ 15%] Built target mavros_msgs_generate_messages_lisp
[ 15%] Built target sensor_msgs_generate_messages_cpp
[ 15%] Built target sensor_msgs_generate_messages_py
[ 15%] Built target nav_msgs_generate_messages_lisp
[ 15%] Built target actionlib_msgs_generate_messages_cpp
[ 15%] Built target rosgraph_msgs_generate_messages_py
[ 15%] Built target roscpp_generate_messages_eus
[ 15%] Built target actionlib_msgs_generate_messages_eus
[ 15%] Built target actionlib_msgs_generate_messages_py
[ 15%] Built target actionlib_generate_messages_eus
[ 15%] Built target diagnostic_msgs_generate_messages_cpp
[ 15%] Built target actionlib_generate_messages_lisp
[ 15%] Built target tf2_msgs_generate_messages_cpp
[ 15%] Built target tf2_msgs_generate_messages_eus
[ 15%] Built target nav_msgs_generate_messages_eus
[ 15%] Built target tf2_msgs_generate_messages_lisp
[ 15%] Built target nav_msgs_generate_messages_py
[ 15%] Built target tf2_msgs_generate_messages_py
[ 15%] Built target actionlib_generate_messages_py
[ 15%] Built target tf2_msgs_generate_messages_nodejs
[ 15%] Built target trajectory_msgs_generate_messages_lisp
[ 55%] Built target navigator_generate_messages_py
[ 55%] Built target navigator_generate_messages_eus
[ 70%] Built target navigator_generate_messages_nodejs
[ 85%] Built target navigator_generate_messages_cpp
[ 85%] Built target navigator_generate_messages
[100%] Built target navigator
