Determining if the pthread_create exist failed with the following output:
Change Dir: /home/ahao/catkin_ws/build/decomp_ros_msgs/CMakeFiles/CMakeTmp

Run Build Command:"/usr/bin/make" "cmTC_0d437/fast"
/usr/bin/make -f CMakeFiles/cmTC_0d437.dir/build.make CMakeFiles/cmTC_0d437.dir/build
make[1]: Entering directory '/home/ahao/catkin_ws/build/decomp_ros_msgs/CMakeFiles/CMakeTmp'
Building C object CMakeFiles/cmTC_0d437.dir/CheckSymbolExists.c.o
/usr/bin/cc    -o CMakeFiles/cmTC_0d437.dir/CheckSymbolExists.c.o   -c /home/ahao/catkin_ws/build/decomp_ros_msgs/CMakeFiles/CMakeTmp/CheckSymbolExists.c
Linking C executable cmTC_0d437
/usr/bin/cmake -E cmake_link_script CMakeFiles/cmTC_0d437.dir/link.txt --verbose=1
/usr/bin/cc      -rdynamic CMakeFiles/cmTC_0d437.dir/CheckSymbolExists.c.o  -o cmTC_0d437 
CMakeFiles/cmTC_0d437.dir/CheckSymbolExists.c.o: In function `main':
CheckSymbolExists.c:(.text+0x1b): undefined reference to `pthread_create'
collect2: error: ld returned 1 exit status
CMakeFiles/cmTC_0d437.dir/build.make:97: recipe for target 'cmTC_0d437' failed
make[1]: *** [cmTC_0d437] Error 1
make[1]: Leaving directory '/home/ahao/catkin_ws/build/decomp_ros_msgs/CMakeFiles/CMakeTmp'
Makefile:126: recipe for target 'cmTC_0d437/fast' failed
make: *** [cmTC_0d437/fast] Error 2

File /home/ahao/catkin_ws/build/decomp_ros_msgs/CMakeFiles/CMakeTmp/CheckSymbolExists.c:
/* */
#include <pthread.h>

int main(int argc, char** argv)
{
  (void)argv;
#ifndef pthread_create
  return ((int*)(&pthread_create))[argc];
#else
  (void)argc;
  return 0;
#endif
}

Determining if the function pthread_create exists in the pthreads failed with the following output:
Change Dir: /home/ahao/catkin_ws/build/decomp_ros_msgs/CMakeFiles/CMakeTmp

Run Build Command:"/usr/bin/make" "cmTC_6f95a/fast"
/usr/bin/make -f CMakeFiles/cmTC_6f95a.dir/build.make CMakeFiles/cmTC_6f95a.dir/build
make[1]: Entering directory '/home/ahao/catkin_ws/build/decomp_ros_msgs/CMakeFiles/CMakeTmp'
Building C object CMakeFiles/cmTC_6f95a.dir/CheckFunctionExists.c.o
/usr/bin/cc   -DCHECK_FUNCTION_EXISTS=pthread_create   -o CMakeFiles/cmTC_6f95a.dir/CheckFunctionExists.c.o   -c /usr/share/cmake-3.10/Modules/CheckFunctionExists.c
Linking C executable cmTC_6f95a
/usr/bin/cmake -E cmake_link_script CMakeFiles/cmTC_6f95a.dir/link.txt --verbose=1
/usr/bin/cc  -DCHECK_FUNCTION_EXISTS=pthread_create    -rdynamic CMakeFiles/cmTC_6f95a.dir/CheckFunctionExists.c.o  -o cmTC_6f95a -lpthreads 
/usr/bin/ld: cannot find -lpthreads
collect2: error: ld returned 1 exit status
CMakeFiles/cmTC_6f95a.dir/build.make:97: recipe for target 'cmTC_6f95a' failed
make[1]: *** [cmTC_6f95a] Error 1
make[1]: Leaving directory '/home/ahao/catkin_ws/build/decomp_ros_msgs/CMakeFiles/CMakeTmp'
Makefile:126: recipe for target 'cmTC_6f95a/fast' failed
make: *** [cmTC_6f95a/fast] Error 2


