Determining if the pthread_create exist failed with the following output:
Change Dir: /home/ahao/catkin_ws/build/off_mission/CMakeFiles/CMakeTmp

Run Build Command:"/usr/bin/make" "cmTC_5e61f/fast"
/usr/bin/make -f CMakeFiles/cmTC_5e61f.dir/build.make CMakeFiles/cmTC_5e61f.dir/build
make[1]: Entering directory '/home/ahao/catkin_ws/build/off_mission/CMakeFiles/CMakeTmp'
Building C object CMakeFiles/cmTC_5e61f.dir/CheckSymbolExists.c.o
/usr/bin/cc    -o CMakeFiles/cmTC_5e61f.dir/CheckSymbolExists.c.o   -c /home/ahao/catkin_ws/build/off_mission/CMakeFiles/CMakeTmp/CheckSymbolExists.c
Linking C executable cmTC_5e61f
/usr/bin/cmake -E cmake_link_script CMakeFiles/cmTC_5e61f.dir/link.txt --verbose=1
/usr/bin/cc      -rdynamic CMakeFiles/cmTC_5e61f.dir/CheckSymbolExists.c.o  -o cmTC_5e61f 
CMakeFiles/cmTC_5e61f.dir/CheckSymbolExists.c.o: In function `main':
CheckSymbolExists.c:(.text+0x1b): undefined reference to `pthread_create'
collect2: error: ld returned 1 exit status
CMakeFiles/cmTC_5e61f.dir/build.make:97: recipe for target 'cmTC_5e61f' failed
make[1]: *** [cmTC_5e61f] Error 1
make[1]: Leaving directory '/home/ahao/catkin_ws/build/off_mission/CMakeFiles/CMakeTmp'
Makefile:126: recipe for target 'cmTC_5e61f/fast' failed
make: *** [cmTC_5e61f/fast] Error 2

File /home/ahao/catkin_ws/build/off_mission/CMakeFiles/CMakeTmp/CheckSymbolExists.c:
/* */
#include <pthread.h>

int main(int argc, char** argv)
{
  (void)argv;
#ifndef pthread_create
  return ((int*)(&pthread_create))[argc];
#else
  (void)argc;
  return 0;
#endif
}

Determining if the function pthread_create exists in the pthreads failed with the following output:
Change Dir: /home/ahao/catkin_ws/build/off_mission/CMakeFiles/CMakeTmp

Run Build Command:"/usr/bin/make" "cmTC_eb11b/fast"
/usr/bin/make -f CMakeFiles/cmTC_eb11b.dir/build.make CMakeFiles/cmTC_eb11b.dir/build
make[1]: Entering directory '/home/ahao/catkin_ws/build/off_mission/CMakeFiles/CMakeTmp'
Building C object CMakeFiles/cmTC_eb11b.dir/CheckFunctionExists.c.o
/usr/bin/cc   -DCHECK_FUNCTION_EXISTS=pthread_create   -o CMakeFiles/cmTC_eb11b.dir/CheckFunctionExists.c.o   -c /usr/share/cmake-3.10/Modules/CheckFunctionExists.c
Linking C executable cmTC_eb11b
/usr/bin/cmake -E cmake_link_script CMakeFiles/cmTC_eb11b.dir/link.txt --verbose=1
/usr/bin/cc  -DCHECK_FUNCTION_EXISTS=pthread_create    -rdynamic CMakeFiles/cmTC_eb11b.dir/CheckFunctionExists.c.o  -o cmTC_eb11b -lpthreads 
/usr/bin/ld: cannot find -lpthreads
collect2: error: ld returned 1 exit status
CMakeFiles/cmTC_eb11b.dir/build.make:97: recipe for target 'cmTC_eb11b' failed
make[1]: *** [cmTC_eb11b] Error 1
make[1]: Leaving directory '/home/ahao/catkin_ws/build/off_mission/CMakeFiles/CMakeTmp'
Makefile:126: recipe for target 'cmTC_eb11b/fast' failed
make: *** [cmTC_eb11b/fast] Error 2


