[  0%] Built target geographic_msgs_generate_messages_py
[  0%] Built target std_msgs_generate_messages_nodejs
[  0%] Built target _calibration_generate_messages_check_deps_action
[  0%] Built target _calibration_generate_messages_check_deps_manipulator_mode
[  0%] Built target _calibration_generate_messages_check_deps_position_pub
[  0%] Built target std_msgs_generate_messages_lisp
[  0%] Built target std_msgs_generate_messages_py
[  0%] Built target sensor_msgs_generate_messages_py
[  0%] Built target sensor_msgs_generate_messages_cpp
[  0%] Built target uuid_msgs_generate_messages_nodejs
[  0%] Built target uuid_msgs_generate_messages_cpp
[  0%] Built target rosgraph_msgs_generate_messages_py
[  0%] Built target std_msgs_generate_messages_eus
[  0%] Built target rosgraph_msgs_generate_messages_lisp
[  0%] Built target rosgraph_msgs_generate_messages_eus
[  0%] Built target rosgraph_msgs_generate_messages_cpp
[  0%] Built target sensor_msgs_generate_messages_eus
[  0%] Built target _catkin_empty_exported_target
[  0%] Built target rosgraph_msgs_generate_messages_nodejs
[  0%] Built target geographic_msgs_generate_messages_lisp
[  0%] Built target roscpp_generate_messages_py
[ 19%] Built target calibration_generate_messages_eus
[ 19%] Built target geometry_msgs_generate_messages_eus
[ 19%] Built target roscpp_generate_messages_nodejs
[ 19%] Built target roscpp_generate_messages_eus
[ 19%] Built target mavros_msgs_generate_messages_cpp
[ 19%] Built target std_msgs_generate_messages_cpp
[ 19%] Built target sensor_msgs_generate_messages_nodejs
[ 19%] Built target roscpp_generate_messages_cpp
[ 19%] Built target roscpp_generate_messages_lisp
[ 19%] Built target mavros_msgs_generate_messages_nodejs
[ 19%] Built target uuid_msgs_generate_messages_lisp
[ 19%] Built target geometry_msgs_generate_messages_nodejs
[ 19%] Built target sensor_msgs_generate_messages_lisp
[ 19%] Built target mavros_msgs_generate_messages_eus
[ 19%] Built target uuid_msgs_generate_messages_py
[ 19%] Built target mavros_msgs_generate_messages_lisp
[ 19%] Built target geometry_msgs_generate_messages_cpp
[ 19%] Built target geometry_msgs_generate_messages_lisp
[ 19%] Built target geometry_msgs_generate_messages_py
[ 19%] Built target mavros_msgs_generate_messages_py
[ 19%] Built target geographic_msgs_generate_messages_nodejs
[ 19%] Built target geographic_msgs_generate_messages_cpp
[ 19%] Built target geographic_msgs_generate_messages_eus
[ 19%] Built target uuid_msgs_generate_messages_eus
[ 38%] Built target calibration_generate_messages_lisp
[ 47%] Built target calibration_generate_messages_nodejs
[ 66%] Built target calibration_generate_messages_cpp
[ 85%] Built target calibration_generate_messages_py
[ 85%] Built target calibration_generate_messages
[100%] Built target calibration
