Linked: (/home/ahao/catkin_ws/devel/.private/calibration/include/calibration/manipulator_mode.h, /home/ahao/catkin_ws/devel/include/calibration/manipulator_mode.h)
Linked: (/home/ahao/catkin_ws/devel/.private/calibration/include/calibration/action.h, /home/ahao/catkin_ws/devel/include/calibration/action.h)
Linked: (/home/ahao/catkin_ws/devel/.private/calibration/include/calibration/manipulator_modeRequest.h, /home/ahao/catkin_ws/devel/include/calibration/manipulator_modeRequest.h)
Linked: (/home/ahao/catkin_ws/devel/.private/calibration/include/calibration/manipulator_modeResponse.h, /home/ahao/catkin_ws/devel/include/calibration/manipulator_modeResponse.h)
Linked: (/home/ahao/catkin_ws/devel/.private/calibration/include/calibration/position_pub.h, /home/ahao/catkin_ws/devel/include/calibration/position_pub.h)
Linked: (/home/ahao/catkin_ws/devel/.private/calibration/lib/pkgconfig/calibration.pc, /home/ahao/catkin_ws/devel/lib/pkgconfig/calibration.pc)
Linked: (/home/ahao/catkin_ws/devel/.private/calibration/lib/python2.7/dist-packages/calibration/__init__.py, /home/ahao/catkin_ws/devel/lib/python2.7/dist-packages/calibration/__init__.py)
Linked: (/home/ahao/catkin_ws/devel/.private/calibration/lib/python2.7/dist-packages/calibration/srv/_manipulator_mode.py, /home/ahao/catkin_ws/devel/lib/python2.7/dist-packages/calibration/srv/_manipulator_mode.py)
Linked: (/home/ahao/catkin_ws/devel/.private/calibration/lib/python2.7/dist-packages/calibration/srv/__init__.py, /home/ahao/catkin_ws/devel/lib/python2.7/dist-packages/calibration/srv/__init__.py)
Linked: (/home/ahao/catkin_ws/devel/.private/calibration/lib/python2.7/dist-packages/calibration/msg/_position_pub.py, /home/ahao/catkin_ws/devel/lib/python2.7/dist-packages/calibration/msg/_position_pub.py)
Linked: (/home/ahao/catkin_ws/devel/.private/calibration/lib/python2.7/dist-packages/calibration/msg/_action.py, /home/ahao/catkin_ws/devel/lib/python2.7/dist-packages/calibration/msg/_action.py)
Linked: (/home/ahao/catkin_ws/devel/.private/calibration/lib/python2.7/dist-packages/calibration/msg/__init__.py, /home/ahao/catkin_ws/devel/lib/python2.7/dist-packages/calibration/msg/__init__.py)
Linked: (/home/ahao/catkin_ws/devel/.private/calibration/lib/calibration/calibration, /home/ahao/catkin_ws/devel/lib/calibration/calibration)
Linked: (/home/ahao/catkin_ws/devel/.private/calibration/share/roseus/ros/calibration/manifest.l, /home/ahao/catkin_ws/devel/share/roseus/ros/calibration/manifest.l)
Linked: (/home/ahao/catkin_ws/devel/.private/calibration/share/roseus/ros/calibration/srv/manipulator_mode.l, /home/ahao/catkin_ws/devel/share/roseus/ros/calibration/srv/manipulator_mode.l)
Linked: (/home/ahao/catkin_ws/devel/.private/calibration/share/roseus/ros/calibration/msg/action.l, /home/ahao/catkin_ws/devel/share/roseus/ros/calibration/msg/action.l)
Linked: (/home/ahao/catkin_ws/devel/.private/calibration/share/roseus/ros/calibration/msg/position_pub.l, /home/ahao/catkin_ws/devel/share/roseus/ros/calibration/msg/position_pub.l)
Linked: (/home/ahao/catkin_ws/devel/.private/calibration/share/gennodejs/ros/calibration/_index.js, /home/ahao/catkin_ws/devel/share/gennodejs/ros/calibration/_index.js)
Linked: (/home/ahao/catkin_ws/devel/.private/calibration/share/gennodejs/ros/calibration/srv/manipulator_mode.js, /home/ahao/catkin_ws/devel/share/gennodejs/ros/calibration/srv/manipulator_mode.js)
Linked: (/home/ahao/catkin_ws/devel/.private/calibration/share/gennodejs/ros/calibration/srv/_index.js, /home/ahao/catkin_ws/devel/share/gennodejs/ros/calibration/srv/_index.js)
Linked: (/home/ahao/catkin_ws/devel/.private/calibration/share/gennodejs/ros/calibration/msg/position_pub.js, /home/ahao/catkin_ws/devel/share/gennodejs/ros/calibration/msg/position_pub.js)
Linked: (/home/ahao/catkin_ws/devel/.private/calibration/share/gennodejs/ros/calibration/msg/_index.js, /home/ahao/catkin_ws/devel/share/gennodejs/ros/calibration/msg/_index.js)
Linked: (/home/ahao/catkin_ws/devel/.private/calibration/share/gennodejs/ros/calibration/msg/action.js, /home/ahao/catkin_ws/devel/share/gennodejs/ros/calibration/msg/action.js)
Linked: (/home/ahao/catkin_ws/devel/.private/calibration/share/calibration/cmake/calibrationConfig.cmake, /home/ahao/catkin_ws/devel/share/calibration/cmake/calibrationConfig.cmake)
Linked: (/home/ahao/catkin_ws/devel/.private/calibration/share/calibration/cmake/calibration-msg-paths.cmake, /home/ahao/catkin_ws/devel/share/calibration/cmake/calibration-msg-paths.cmake)
Linked: (/home/ahao/catkin_ws/devel/.private/calibration/share/calibration/cmake/calibration-msg-extras.cmake, /home/ahao/catkin_ws/devel/share/calibration/cmake/calibration-msg-extras.cmake)
Linked: (/home/ahao/catkin_ws/devel/.private/calibration/share/calibration/cmake/calibrationConfig-version.cmake, /home/ahao/catkin_ws/devel/share/calibration/cmake/calibrationConfig-version.cmake)
Linked: (/home/ahao/catkin_ws/devel/.private/calibration/share/common-lisp/ros/calibration/srv/_package_manipulator_mode.lisp, /home/ahao/catkin_ws/devel/share/common-lisp/ros/calibration/srv/_package_manipulator_mode.lisp)
Linked: (/home/ahao/catkin_ws/devel/.private/calibration/share/common-lisp/ros/calibration/srv/manipulator_mode.lisp, /home/ahao/catkin_ws/devel/share/common-lisp/ros/calibration/srv/manipulator_mode.lisp)
Linked: (/home/ahao/catkin_ws/devel/.private/calibration/share/common-lisp/ros/calibration/srv/_package.lisp, /home/ahao/catkin_ws/devel/share/common-lisp/ros/calibration/srv/_package.lisp)
Linked: (/home/ahao/catkin_ws/devel/.private/calibration/share/common-lisp/ros/calibration/srv/calibration-srv.asd, /home/ahao/catkin_ws/devel/share/common-lisp/ros/calibration/srv/calibration-srv.asd)
Linked: (/home/ahao/catkin_ws/devel/.private/calibration/share/common-lisp/ros/calibration/msg/action.lisp, /home/ahao/catkin_ws/devel/share/common-lisp/ros/calibration/msg/action.lisp)
Linked: (/home/ahao/catkin_ws/devel/.private/calibration/share/common-lisp/ros/calibration/msg/_package_action.lisp, /home/ahao/catkin_ws/devel/share/common-lisp/ros/calibration/msg/_package_action.lisp)
Linked: (/home/ahao/catkin_ws/devel/.private/calibration/share/common-lisp/ros/calibration/msg/_package.lisp, /home/ahao/catkin_ws/devel/share/common-lisp/ros/calibration/msg/_package.lisp)
Linked: (/home/ahao/catkin_ws/devel/.private/calibration/share/common-lisp/ros/calibration/msg/_package_position_pub.lisp, /home/ahao/catkin_ws/devel/share/common-lisp/ros/calibration/msg/_package_position_pub.lisp)
Linked: (/home/ahao/catkin_ws/devel/.private/calibration/share/common-lisp/ros/calibration/msg/calibration-msg.asd, /home/ahao/catkin_ws/devel/share/common-lisp/ros/calibration/msg/calibration-msg.asd)
Linked: (/home/ahao/catkin_ws/devel/.private/calibration/share/common-lisp/ros/calibration/msg/position_pub.lisp, /home/ahao/catkin_ws/devel/share/common-lisp/ros/calibration/msg/position_pub.lisp)
