Symlinking /home/ahao/catkin_ws/devel/lib/libgazebo_ros_velodyne_laser.so
Symlinking /home/ahao/catkin_ws/devel/lib/libgazebo_ros_velodyne_gpu_laser.so
Symlinking /home/ahao/catkin_ws/devel/lib/pkgconfig/velodyne_gazebo_plugins.pc
Symlinking /home/ahao/catkin_ws/devel/share/velodyne_gazebo_plugins/cmake/velodyne_gazebo_pluginsConfig-version.cmake
Symlinking /home/ahao/catkin_ws/devel/share/velodyne_gazebo_plugins/cmake/velodyne_gazebo_pluginsConfig.cmake
Cleaning: (/home/kantsky/simulator_flyingDelta/catkin_ws/devel/.private/velodyne_gazebo_plugins/cmake.lock, /home/kantsky/simulator_flyingDelta/catkin_ws/devel/./cmake.lock)
Cleaning: (/home/kantsky/simulator_flyingDelta/catkin_ws/devel/.private/velodyne_gazebo_plugins/share/velodyne_gazebo_plugins/cmake/velodyne_gazebo_pluginsConfig-version.cmake, /home/kantsky/simulator_flyingDelta/catkin_ws/devel/share/velodyne_gazebo_plugins/cmake/velodyne_gazebo_pluginsConfig-version.cmake)
Cleaning: (/home/kantsky/simulator_flyingDelta/catkin_ws/devel/.private/velodyne_gazebo_plugins/share/velodyne_gazebo_plugins/cmake/velodyne_gazebo_pluginsConfig.cmake, /home/kantsky/simulator_flyingDelta/catkin_ws/devel/share/velodyne_gazebo_plugins/cmake/velodyne_gazebo_pluginsConfig.cmake)
Cleaning: (/home/kantsky/simulator_flyingDelta/catkin_ws/devel/.private/velodyne_gazebo_plugins/lib/libgazebo_ros_velodyne_gpu_laser.so, /home/kantsky/simulator_flyingDelta/catkin_ws/devel/lib/libgazebo_ros_velodyne_gpu_laser.so)
Cleaning: (/home/kantsky/simulator_flyingDelta/catkin_ws/devel/.private/velodyne_gazebo_plugins/lib/libgazebo_ros_velodyne_laser.so, /home/kantsky/simulator_flyingDelta/catkin_ws/devel/lib/libgazebo_ros_velodyne_laser.so)
Cleaning: (/home/kantsky/simulator_flyingDelta/catkin_ws/devel/.private/velodyne_gazebo_plugins/lib/pkgconfig/velodyne_gazebo_plugins.pc, /home/kantsky/simulator_flyingDelta/catkin_ws/devel/lib/pkgconfig/velodyne_gazebo_plugins.pc)
Unlinking: /home/kantsky/simulator_flyingDelta/catkin_ws/devel/share/velodyne_gazebo_plugins/cmake/velodyne_gazebo_pluginsConfig-version.cmake
Already unlinked: {}
Unlinking: /home/kantsky/simulator_flyingDelta/catkin_ws/devel/share/velodyne_gazebo_plugins/cmake/velodyne_gazebo_pluginsConfig.cmake
Already unlinked: {}
Unlinking: /home/kantsky/simulator_flyingDelta/catkin_ws/devel/lib/libgazebo_ros_velodyne_gpu_laser.so
Already unlinked: {}
Unlinking: /home/kantsky/simulator_flyingDelta/catkin_ws/devel/lib/libgazebo_ros_velodyne_laser.so
Already unlinked: {}
Unlinking: /home/kantsky/simulator_flyingDelta/catkin_ws/devel/lib/pkgconfig/velodyne_gazebo_plugins.pc
Already unlinked: {}
