Symlinking /home/ahao/catkin_ws/devel/include/decomp_ros_msgs/Polyhedron.h
Symlinking /home/ahao/catkin_ws/devel/include/decomp_ros_msgs/PolyhedronArray.h
Symlinking /home/ahao/catkin_ws/devel/include/decomp_ros_msgs/Ellipsoid.h
Symlinking /home/ahao/catkin_ws/devel/include/decomp_ros_msgs/EllipsoidArray.h
Symlinking /home/ahao/catkin_ws/devel/lib/pkgconfig/decomp_ros_msgs.pc
Symlinking /home/ahao/catkin_ws/devel/lib/python2.7/dist-packages/decomp_ros_msgs/__init__.py
Symlinking /home/ahao/catkin_ws/devel/lib/python2.7/dist-packages/decomp_ros_msgs/msg/_EllipsoidArray.py
Symlinking /home/ahao/catkin_ws/devel/lib/python2.7/dist-packages/decomp_ros_msgs/msg/_Polyhedron.py
Symlinking /home/ahao/catkin_ws/devel/lib/python2.7/dist-packages/decomp_ros_msgs/msg/_PolyhedronArray.py
Symlinking /home/ahao/catkin_ws/devel/lib/python2.7/dist-packages/decomp_ros_msgs/msg/_Ellipsoid.py
Symlinking /home/ahao/catkin_ws/devel/lib/python2.7/dist-packages/decomp_ros_msgs/msg/__init__.py
Symlinking /home/ahao/catkin_ws/devel/share/roseus/ros/decomp_ros_msgs/manifest.l
Symlinking /home/ahao/catkin_ws/devel/share/roseus/ros/decomp_ros_msgs/msg/Ellipsoid.l
Symlinking /home/ahao/catkin_ws/devel/share/roseus/ros/decomp_ros_msgs/msg/PolyhedronArray.l
Symlinking /home/ahao/catkin_ws/devel/share/roseus/ros/decomp_ros_msgs/msg/Polyhedron.l
Symlinking /home/ahao/catkin_ws/devel/share/roseus/ros/decomp_ros_msgs/msg/EllipsoidArray.l
Symlinking /home/ahao/catkin_ws/devel/share/gennodejs/ros/decomp_ros_msgs/_index.js
Symlinking /home/ahao/catkin_ws/devel/share/gennodejs/ros/decomp_ros_msgs/msg/EllipsoidArray.js
Symlinking /home/ahao/catkin_ws/devel/share/gennodejs/ros/decomp_ros_msgs/msg/PolyhedronArray.js
Symlinking /home/ahao/catkin_ws/devel/share/gennodejs/ros/decomp_ros_msgs/msg/Ellipsoid.js
Symlinking /home/ahao/catkin_ws/devel/share/gennodejs/ros/decomp_ros_msgs/msg/_index.js
Symlinking /home/ahao/catkin_ws/devel/share/gennodejs/ros/decomp_ros_msgs/msg/Polyhedron.js
Symlinking /home/ahao/catkin_ws/devel/share/decomp_ros_msgs/cmake/decomp_ros_msgs-msg-extras.cmake
Symlinking /home/ahao/catkin_ws/devel/share/decomp_ros_msgs/cmake/decomp_ros_msgsConfig.cmake
Symlinking /home/ahao/catkin_ws/devel/share/decomp_ros_msgs/cmake/decomp_ros_msgsConfig-version.cmake
Symlinking /home/ahao/catkin_ws/devel/share/decomp_ros_msgs/cmake/decomp_ros_msgs-msg-paths.cmake
Symlinking /home/ahao/catkin_ws/devel/share/common-lisp/ros/decomp_ros_msgs/msg/_package_PolyhedronArray.lisp
Symlinking /home/ahao/catkin_ws/devel/share/common-lisp/ros/decomp_ros_msgs/msg/EllipsoidArray.lisp
Symlinking /home/ahao/catkin_ws/devel/share/common-lisp/ros/decomp_ros_msgs/msg/Polyhedron.lisp
Symlinking /home/ahao/catkin_ws/devel/share/common-lisp/ros/decomp_ros_msgs/msg/decomp_ros_msgs-msg.asd
Symlinking /home/ahao/catkin_ws/devel/share/common-lisp/ros/decomp_ros_msgs/msg/_package_Polyhedron.lisp
Symlinking /home/ahao/catkin_ws/devel/share/common-lisp/ros/decomp_ros_msgs/msg/_package.lisp
Symlinking /home/ahao/catkin_ws/devel/share/common-lisp/ros/decomp_ros_msgs/msg/PolyhedronArray.lisp
Symlinking /home/ahao/catkin_ws/devel/share/common-lisp/ros/decomp_ros_msgs/msg/_package_Ellipsoid.lisp
Symlinking /home/ahao/catkin_ws/devel/share/common-lisp/ros/decomp_ros_msgs/msg/Ellipsoid.lisp
Symlinking /home/ahao/catkin_ws/devel/share/common-lisp/ros/decomp_ros_msgs/msg/_package_EllipsoidArray.lisp
Cleaning: (/home/kantsky/simulator_flyingDelta/catkin_ws/devel/.private/decomp_ros_msgs/cmake.lock, /home/kantsky/simulator_flyingDelta/catkin_ws/devel/./cmake.lock)
Cleaning: (/home/kantsky/simulator_flyingDelta/catkin_ws/devel/.private/decomp_ros_msgs/share/common-lisp/ros/decomp_ros_msgs/msg/_package_EllipsoidArray.lisp, /home/kantsky/simulator_flyingDelta/catkin_ws/devel/share/common-lisp/ros/decomp_ros_msgs/msg/_package_EllipsoidArray.lisp)
Cleaning: (/home/kantsky/simulator_flyingDelta/catkin_ws/devel/.private/decomp_ros_msgs/share/common-lisp/ros/decomp_ros_msgs/msg/_package.lisp, /home/kantsky/simulator_flyingDelta/catkin_ws/devel/share/common-lisp/ros/decomp_ros_msgs/msg/_package.lisp)
Cleaning: (/home/kantsky/simulator_flyingDelta/catkin_ws/devel/.private/decomp_ros_msgs/share/common-lisp/ros/decomp_ros_msgs/msg/PolyhedronArray.lisp, /home/kantsky/simulator_flyingDelta/catkin_ws/devel/share/common-lisp/ros/decomp_ros_msgs/msg/PolyhedronArray.lisp)
Cleaning: (/home/kantsky/simulator_flyingDelta/catkin_ws/devel/.private/decomp_ros_msgs/share/common-lisp/ros/decomp_ros_msgs/msg/Polyhedron.lisp, /home/kantsky/simulator_flyingDelta/catkin_ws/devel/share/common-lisp/ros/decomp_ros_msgs/msg/Polyhedron.lisp)
Cleaning: (/home/kantsky/simulator_flyingDelta/catkin_ws/devel/.private/decomp_ros_msgs/share/common-lisp/ros/decomp_ros_msgs/msg/_package_PolyhedronArray.lisp, /home/kantsky/simulator_flyingDelta/catkin_ws/devel/share/common-lisp/ros/decomp_ros_msgs/msg/_package_PolyhedronArray.lisp)
Cleaning: (/home/kantsky/simulator_flyingDelta/catkin_ws/devel/.private/decomp_ros_msgs/share/common-lisp/ros/decomp_ros_msgs/msg/_package_Ellipsoid.lisp, /home/kantsky/simulator_flyingDelta/catkin_ws/devel/share/common-lisp/ros/decomp_ros_msgs/msg/_package_Ellipsoid.lisp)
Cleaning: (/home/kantsky/simulator_flyingDelta/catkin_ws/devel/.private/decomp_ros_msgs/share/common-lisp/ros/decomp_ros_msgs/msg/_package_Polyhedron.lisp, /home/kantsky/simulator_flyingDelta/catkin_ws/devel/share/common-lisp/ros/decomp_ros_msgs/msg/_package_Polyhedron.lisp)
Cleaning: (/home/kantsky/simulator_flyingDelta/catkin_ws/devel/.private/decomp_ros_msgs/share/common-lisp/ros/decomp_ros_msgs/msg/Ellipsoid.lisp, /home/kantsky/simulator_flyingDelta/catkin_ws/devel/share/common-lisp/ros/decomp_ros_msgs/msg/Ellipsoid.lisp)
Cleaning: (/home/kantsky/simulator_flyingDelta/catkin_ws/devel/.private/decomp_ros_msgs/share/common-lisp/ros/decomp_ros_msgs/msg/decomp_ros_msgs-msg.asd, /home/kantsky/simulator_flyingDelta/catkin_ws/devel/share/common-lisp/ros/decomp_ros_msgs/msg/decomp_ros_msgs-msg.asd)
Cleaning: (/home/kantsky/simulator_flyingDelta/catkin_ws/devel/.private/decomp_ros_msgs/share/common-lisp/ros/decomp_ros_msgs/msg/EllipsoidArray.lisp, /home/kantsky/simulator_flyingDelta/catkin_ws/devel/share/common-lisp/ros/decomp_ros_msgs/msg/EllipsoidArray.lisp)
Cleaning: (/home/kantsky/simulator_flyingDelta/catkin_ws/devel/.private/decomp_ros_msgs/share/gennodejs/ros/decomp_ros_msgs/_index.js, /home/kantsky/simulator_flyingDelta/catkin_ws/devel/share/gennodejs/ros/decomp_ros_msgs/_index.js)
Cleaning: (/home/kantsky/simulator_flyingDelta/catkin_ws/devel/.private/decomp_ros_msgs/share/gennodejs/ros/decomp_ros_msgs/msg/EllipsoidArray.js, /home/kantsky/simulator_flyingDelta/catkin_ws/devel/share/gennodejs/ros/decomp_ros_msgs/msg/EllipsoidArray.js)
Cleaning: (/home/kantsky/simulator_flyingDelta/catkin_ws/devel/.private/decomp_ros_msgs/share/gennodejs/ros/decomp_ros_msgs/msg/_index.js, /home/kantsky/simulator_flyingDelta/catkin_ws/devel/share/gennodejs/ros/decomp_ros_msgs/msg/_index.js)
Cleaning: (/home/kantsky/simulator_flyingDelta/catkin_ws/devel/.private/decomp_ros_msgs/share/gennodejs/ros/decomp_ros_msgs/msg/Polyhedron.js, /home/kantsky/simulator_flyingDelta/catkin_ws/devel/share/gennodejs/ros/decomp_ros_msgs/msg/Polyhedron.js)
Cleaning: (/home/kantsky/simulator_flyingDelta/catkin_ws/devel/.private/decomp_ros_msgs/share/gennodejs/ros/decomp_ros_msgs/msg/Ellipsoid.js, /home/kantsky/simulator_flyingDelta/catkin_ws/devel/share/gennodejs/ros/decomp_ros_msgs/msg/Ellipsoid.js)
Cleaning: (/home/kantsky/simulator_flyingDelta/catkin_ws/devel/.private/decomp_ros_msgs/share/gennodejs/ros/decomp_ros_msgs/msg/PolyhedronArray.js, /home/kantsky/simulator_flyingDelta/catkin_ws/devel/share/gennodejs/ros/decomp_ros_msgs/msg/PolyhedronArray.js)
Cleaning: (/home/kantsky/simulator_flyingDelta/catkin_ws/devel/.private/decomp_ros_msgs/share/roseus/ros/decomp_ros_msgs/manifest.l, /home/kantsky/simulator_flyingDelta/catkin_ws/devel/share/roseus/ros/decomp_ros_msgs/manifest.l)
Cleaning: (/home/kantsky/simulator_flyingDelta/catkin_ws/devel/.private/decomp_ros_msgs/share/roseus/ros/decomp_ros_msgs/msg/Ellipsoid.l, /home/kantsky/simulator_flyingDelta/catkin_ws/devel/share/roseus/ros/decomp_ros_msgs/msg/Ellipsoid.l)
Cleaning: (/home/kantsky/simulator_flyingDelta/catkin_ws/devel/.private/decomp_ros_msgs/share/roseus/ros/decomp_ros_msgs/msg/PolyhedronArray.l, /home/kantsky/simulator_flyingDelta/catkin_ws/devel/share/roseus/ros/decomp_ros_msgs/msg/PolyhedronArray.l)
Cleaning: (/home/kantsky/simulator_flyingDelta/catkin_ws/devel/.private/decomp_ros_msgs/share/roseus/ros/decomp_ros_msgs/msg/Polyhedron.l, /home/kantsky/simulator_flyingDelta/catkin_ws/devel/share/roseus/ros/decomp_ros_msgs/msg/Polyhedron.l)
Cleaning: (/home/kantsky/simulator_flyingDelta/catkin_ws/devel/.private/decomp_ros_msgs/share/roseus/ros/decomp_ros_msgs/msg/EllipsoidArray.l, /home/kantsky/simulator_flyingDelta/catkin_ws/devel/share/roseus/ros/decomp_ros_msgs/msg/EllipsoidArray.l)
Cleaning: (/home/kantsky/simulator_flyingDelta/catkin_ws/devel/.private/decomp_ros_msgs/share/decomp_ros_msgs/cmake/decomp_ros_msgs-msg-extras.cmake, /home/kantsky/simulator_flyingDelta/catkin_ws/devel/share/decomp_ros_msgs/cmake/decomp_ros_msgs-msg-extras.cmake)
Cleaning: (/home/kantsky/simulator_flyingDelta/catkin_ws/devel/.private/decomp_ros_msgs/share/decomp_ros_msgs/cmake/decomp_ros_msgsConfig.cmake, /home/kantsky/simulator_flyingDelta/catkin_ws/devel/share/decomp_ros_msgs/cmake/decomp_ros_msgsConfig.cmake)
Cleaning: (/home/kantsky/simulator_flyingDelta/catkin_ws/devel/.private/decomp_ros_msgs/share/decomp_ros_msgs/cmake/decomp_ros_msgsConfig-version.cmake, /home/kantsky/simulator_flyingDelta/catkin_ws/devel/share/decomp_ros_msgs/cmake/decomp_ros_msgsConfig-version.cmake)
Cleaning: (/home/kantsky/simulator_flyingDelta/catkin_ws/devel/.private/decomp_ros_msgs/share/decomp_ros_msgs/cmake/decomp_ros_msgs-msg-paths.cmake, /home/kantsky/simulator_flyingDelta/catkin_ws/devel/share/decomp_ros_msgs/cmake/decomp_ros_msgs-msg-paths.cmake)
Cleaning: (/home/kantsky/simulator_flyingDelta/catkin_ws/devel/.private/decomp_ros_msgs/include/decomp_ros_msgs/Ellipsoid.h, /home/kantsky/simulator_flyingDelta/catkin_ws/devel/include/decomp_ros_msgs/Ellipsoid.h)
Cleaning: (/home/kantsky/simulator_flyingDelta/catkin_ws/devel/.private/decomp_ros_msgs/include/decomp_ros_msgs/Polyhedron.h, /home/kantsky/simulator_flyingDelta/catkin_ws/devel/include/decomp_ros_msgs/Polyhedron.h)
Cleaning: (/home/kantsky/simulator_flyingDelta/catkin_ws/devel/.private/decomp_ros_msgs/include/decomp_ros_msgs/EllipsoidArray.h, /home/kantsky/simulator_flyingDelta/catkin_ws/devel/include/decomp_ros_msgs/EllipsoidArray.h)
Cleaning: (/home/kantsky/simulator_flyingDelta/catkin_ws/devel/.private/decomp_ros_msgs/include/decomp_ros_msgs/PolyhedronArray.h, /home/kantsky/simulator_flyingDelta/catkin_ws/devel/include/decomp_ros_msgs/PolyhedronArray.h)
Cleaning: (/home/kantsky/simulator_flyingDelta/catkin_ws/devel/.private/decomp_ros_msgs/lib/python2.7/dist-packages/decomp_ros_msgs/__init__.py, /home/kantsky/simulator_flyingDelta/catkin_ws/devel/lib/python2.7/dist-packages/decomp_ros_msgs/__init__.py)
Cleaning: (/home/kantsky/simulator_flyingDelta/catkin_ws/devel/.private/decomp_ros_msgs/lib/python2.7/dist-packages/decomp_ros_msgs/msg/_PolyhedronArray.py, /home/kantsky/simulator_flyingDelta/catkin_ws/devel/lib/python2.7/dist-packages/decomp_ros_msgs/msg/_PolyhedronArray.py)
Cleaning: (/home/kantsky/simulator_flyingDelta/catkin_ws/devel/.private/decomp_ros_msgs/lib/python2.7/dist-packages/decomp_ros_msgs/msg/_Ellipsoid.py, /home/kantsky/simulator_flyingDelta/catkin_ws/devel/lib/python2.7/dist-packages/decomp_ros_msgs/msg/_Ellipsoid.py)
Cleaning: (/home/kantsky/simulator_flyingDelta/catkin_ws/devel/.private/decomp_ros_msgs/lib/python2.7/dist-packages/decomp_ros_msgs/msg/_Polyhedron.py, /home/kantsky/simulator_flyingDelta/catkin_ws/devel/lib/python2.7/dist-packages/decomp_ros_msgs/msg/_Polyhedron.py)
Cleaning: (/home/kantsky/simulator_flyingDelta/catkin_ws/devel/.private/decomp_ros_msgs/lib/python2.7/dist-packages/decomp_ros_msgs/msg/_EllipsoidArray.py, /home/kantsky/simulator_flyingDelta/catkin_ws/devel/lib/python2.7/dist-packages/decomp_ros_msgs/msg/_EllipsoidArray.py)
Cleaning: (/home/kantsky/simulator_flyingDelta/catkin_ws/devel/.private/decomp_ros_msgs/lib/python2.7/dist-packages/decomp_ros_msgs/msg/__init__.py, /home/kantsky/simulator_flyingDelta/catkin_ws/devel/lib/python2.7/dist-packages/decomp_ros_msgs/msg/__init__.py)
Cleaning: (/home/kantsky/simulator_flyingDelta/catkin_ws/devel/.private/decomp_ros_msgs/lib/pkgconfig/decomp_ros_msgs.pc, /home/kantsky/simulator_flyingDelta/catkin_ws/devel/lib/pkgconfig/decomp_ros_msgs.pc)
Unlinking: /home/kantsky/simulator_flyingDelta/catkin_ws/devel/share/common-lisp/ros/decomp_ros_msgs/msg/_package_EllipsoidArray.lisp
Already unlinked: {}
Unlinking: /home/kantsky/simulator_flyingDelta/catkin_ws/devel/share/common-lisp/ros/decomp_ros_msgs/msg/_package.lisp
Already unlinked: {}
Unlinking: /home/kantsky/simulator_flyingDelta/catkin_ws/devel/share/common-lisp/ros/decomp_ros_msgs/msg/PolyhedronArray.lisp
Already unlinked: {}
Unlinking: /home/kantsky/simulator_flyingDelta/catkin_ws/devel/share/common-lisp/ros/decomp_ros_msgs/msg/Polyhedron.lisp
Already unlinked: {}
Unlinking: /home/kantsky/simulator_flyingDelta/catkin_ws/devel/share/common-lisp/ros/decomp_ros_msgs/msg/_package_PolyhedronArray.lisp
Already unlinked: {}
Unlinking: /home/kantsky/simulator_flyingDelta/catkin_ws/devel/share/common-lisp/ros/decomp_ros_msgs/msg/_package_Ellipsoid.lisp
Already unlinked: {}
Unlinking: /home/kantsky/simulator_flyingDelta/catkin_ws/devel/share/common-lisp/ros/decomp_ros_msgs/msg/_package_Polyhedron.lisp
Already unlinked: {}
Unlinking: /home/kantsky/simulator_flyingDelta/catkin_ws/devel/share/common-lisp/ros/decomp_ros_msgs/msg/Ellipsoid.lisp
Already unlinked: {}
Unlinking: /home/kantsky/simulator_flyingDelta/catkin_ws/devel/share/common-lisp/ros/decomp_ros_msgs/msg/decomp_ros_msgs-msg.asd
Already unlinked: {}
Unlinking: /home/kantsky/simulator_flyingDelta/catkin_ws/devel/share/common-lisp/ros/decomp_ros_msgs/msg/EllipsoidArray.lisp
Already unlinked: {}
Unlinking: /home/kantsky/simulator_flyingDelta/catkin_ws/devel/share/gennodejs/ros/decomp_ros_msgs/_index.js
Already unlinked: {}
Unlinking: /home/kantsky/simulator_flyingDelta/catkin_ws/devel/share/gennodejs/ros/decomp_ros_msgs/msg/EllipsoidArray.js
Already unlinked: {}
Unlinking: /home/kantsky/simulator_flyingDelta/catkin_ws/devel/share/gennodejs/ros/decomp_ros_msgs/msg/_index.js
Already unlinked: {}
Unlinking: /home/kantsky/simulator_flyingDelta/catkin_ws/devel/share/gennodejs/ros/decomp_ros_msgs/msg/Polyhedron.js
Already unlinked: {}
Unlinking: /home/kantsky/simulator_flyingDelta/catkin_ws/devel/share/gennodejs/ros/decomp_ros_msgs/msg/Ellipsoid.js
Already unlinked: {}
Unlinking: /home/kantsky/simulator_flyingDelta/catkin_ws/devel/share/gennodejs/ros/decomp_ros_msgs/msg/PolyhedronArray.js
Already unlinked: {}
Unlinking: /home/kantsky/simulator_flyingDelta/catkin_ws/devel/share/roseus/ros/decomp_ros_msgs/manifest.l
Already unlinked: {}
Unlinking: /home/kantsky/simulator_flyingDelta/catkin_ws/devel/share/roseus/ros/decomp_ros_msgs/msg/Ellipsoid.l
Already unlinked: {}
Unlinking: /home/kantsky/simulator_flyingDelta/catkin_ws/devel/share/roseus/ros/decomp_ros_msgs/msg/PolyhedronArray.l
Already unlinked: {}
Unlinking: /home/kantsky/simulator_flyingDelta/catkin_ws/devel/share/roseus/ros/decomp_ros_msgs/msg/Polyhedron.l
Already unlinked: {}
Unlinking: /home/kantsky/simulator_flyingDelta/catkin_ws/devel/share/roseus/ros/decomp_ros_msgs/msg/EllipsoidArray.l
Already unlinked: {}
Unlinking: /home/kantsky/simulator_flyingDelta/catkin_ws/devel/share/decomp_ros_msgs/cmake/decomp_ros_msgs-msg-extras.cmake
Already unlinked: {}
Unlinking: /home/kantsky/simulator_flyingDelta/catkin_ws/devel/share/decomp_ros_msgs/cmake/decomp_ros_msgsConfig.cmake
Already unlinked: {}
Unlinking: /home/kantsky/simulator_flyingDelta/catkin_ws/devel/share/decomp_ros_msgs/cmake/decomp_ros_msgsConfig-version.cmake
Already unlinked: {}
Unlinking: /home/kantsky/simulator_flyingDelta/catkin_ws/devel/share/decomp_ros_msgs/cmake/decomp_ros_msgs-msg-paths.cmake
Already unlinked: {}
Unlinking: /home/kantsky/simulator_flyingDelta/catkin_ws/devel/include/decomp_ros_msgs/Ellipsoid.h
Already unlinked: {}
Unlinking: /home/kantsky/simulator_flyingDelta/catkin_ws/devel/include/decomp_ros_msgs/Polyhedron.h
Already unlinked: {}
Unlinking: /home/kantsky/simulator_flyingDelta/catkin_ws/devel/include/decomp_ros_msgs/EllipsoidArray.h
Already unlinked: {}
Unlinking: /home/kantsky/simulator_flyingDelta/catkin_ws/devel/include/decomp_ros_msgs/PolyhedronArray.h
Already unlinked: {}
Unlinking: /home/kantsky/simulator_flyingDelta/catkin_ws/devel/lib/python2.7/dist-packages/decomp_ros_msgs/__init__.py
Already unlinked: {}
Unlinking: /home/kantsky/simulator_flyingDelta/catkin_ws/devel/lib/python2.7/dist-packages/decomp_ros_msgs/msg/_PolyhedronArray.py
Already unlinked: {}
Unlinking: /home/kantsky/simulator_flyingDelta/catkin_ws/devel/lib/python2.7/dist-packages/decomp_ros_msgs/msg/_Ellipsoid.py
Already unlinked: {}
Unlinking: /home/kantsky/simulator_flyingDelta/catkin_ws/devel/lib/python2.7/dist-packages/decomp_ros_msgs/msg/_Polyhedron.py
Already unlinked: {}
Unlinking: /home/kantsky/simulator_flyingDelta/catkin_ws/devel/lib/python2.7/dist-packages/decomp_ros_msgs/msg/_EllipsoidArray.py
Already unlinked: {}
Unlinking: /home/kantsky/simulator_flyingDelta/catkin_ws/devel/lib/python2.7/dist-packages/decomp_ros_msgs/msg/__init__.py
Already unlinked: {}
Unlinking: /home/kantsky/simulator_flyingDelta/catkin_ws/devel/lib/pkgconfig/decomp_ros_msgs.pc
Already unlinked: {}
